<?xml version="1.0" encoding="UTF-8"?>
<testng-results ignored="0" total="2" passed="2" failed="0" skipped="0">
  <reporter-output>
  </reporter-output>
  <suite started-at="2022-08-31T21:02:00 IST" name="Default suite" finished-at="2022-08-31T21:02:36 IST" duration-ms="35392">
    <groups>
    </groups>
    <test started-at="2022-08-31T21:02:00 IST" name="Default test" finished-at="2022-08-31T21:02:36 IST" duration-ms="35392">
      <class name="testScript.RechargeTest">
        <test-method is-config="true" signature="beforeSuite()[pri:0, instance:testScript.RechargeTest@69e153c5]" started-at="2022-08-31T21:01:51 IST" name="beforeSuite" finished-at="2022-08-31T21:02:00 IST" duration-ms="8908" status="PASS">
          <reporter-output>
          </reporter-output>
        </test-method> <!-- beforeSuite -->
        <test-method signature="homePage()[pri:0, instance:testScript.RechargeTest@69e153c5]" started-at="2022-08-31T21:02:00 IST" name="homePage" finished-at="2022-08-31T21:02:23 IST" duration-ms="23175" status="PASS">
          <reporter-output>
          </reporter-output>
        </test-method> <!-- homePage -->
        <test-method signature="paymentPage()[pri:1, instance:testScript.RechargeTest@69e153c5]" started-at="2022-08-31T21:02:23 IST" name="paymentPage" finished-at="2022-08-31T21:02:36 IST" duration-ms="12109" status="PASS">
          <reporter-output>
          </reporter-output>
        </test-method> <!-- paymentPage -->
        <test-method is-config="true" signature="tearDown()[pri:0, instance:testScript.RechargeTest@69e153c5]" started-at="2022-08-31T21:02:36 IST" name="tearDown" finished-at="2022-08-31T21:02:38 IST" duration-ms="2102" status="PASS">
          <reporter-output>
          </reporter-output>
        </test-method> <!-- tearDown -->
      </class> <!-- testScript.RechargeTest -->
    </test> <!-- Default test -->
  </suite> <!-- Default suite -->
</testng-results>
